file /home/finnian/dev/Eiffel/library/Eiffel-Loop/contrib/C++/id3lib/SConstruct,line 36:
	Configure(confdir = .sconf_temp)
scons: Configure: Checking for C function getopt_long()... 
.sconf_temp/conftest_0.c <-
  |
  |
  |#include <assert.h>
  |
  |#ifdef __cplusplus
  |extern "C"
  |#endif
  |char getopt_long();
  |
  |int main() {
  |#if defined (__stub_getopt_long) || defined (__stub___getopt_long)
  |  fail fail fail
  |#else
  |  getopt_long();
  |#endif
  |
  |  return 0;
  |}
  |
gcc -o .sconf_temp/conftest_0.o -c -g -O2 -Wall -Woverloaded-virtual -Wmissing-declarations -Wno-write-strings -Wno-unused -Wno-inline -DHAVE_CONFIG_H -DHAVE_UNISTD_H -I/opt/ES/Eiffel_16.05/C_library/zlib -I. -Iinclude -Iinclude/id3 .sconf_temp/conftest_0.c
cc1: warning: command line option '-Woverloaded-virtual' is valid for C++/ObjC++ but not for C [enabled by default]
gcc -o .sconf_temp/conftest_0 .sconf_temp/conftest_0.o
scons: Configure: yes

scons: Configure: Checking for C function mkstemp()... 
.sconf_temp/conftest_1.c <-
  |
  |
  |#include <assert.h>
  |
  |#ifdef __cplusplus
  |extern "C"
  |#endif
  |char mkstemp();
  |
  |int main() {
  |#if defined (__stub_mkstemp) || defined (__stub___mkstemp)
  |  fail fail fail
  |#else
  |  mkstemp();
  |#endif
  |
  |  return 0;
  |}
  |
gcc -o .sconf_temp/conftest_1.o -c -g -O2 -Wall -Woverloaded-virtual -Wmissing-declarations -Wno-write-strings -Wno-unused -Wno-inline -DHAVE_CONFIG_H -DHAVE_UNISTD_H -I/opt/ES/Eiffel_16.05/C_library/zlib -I. -Iinclude -Iinclude/id3 .sconf_temp/conftest_1.c
cc1: warning: command line option '-Woverloaded-virtual' is valid for C++/ObjC++ but not for C [enabled by default]
gcc -o .sconf_temp/conftest_1 .sconf_temp/conftest_1.o
scons: Configure: yes

scons: Configure: Checking for C function truncate()... 
.sconf_temp/conftest_2.c <-
  |
  |
  |#include <assert.h>
  |
  |#ifdef __cplusplus
  |extern "C"
  |#endif
  |char truncate();
  |
  |int main() {
  |#if defined (__stub_truncate) || defined (__stub___truncate)
  |  fail fail fail
  |#else
  |  truncate();
  |#endif
  |
  |  return 0;
  |}
  |
gcc -o .sconf_temp/conftest_2.o -c -g -O2 -Wall -Woverloaded-virtual -Wmissing-declarations -Wno-write-strings -Wno-unused -Wno-inline -DHAVE_CONFIG_H -DHAVE_UNISTD_H -I/opt/ES/Eiffel_16.05/C_library/zlib -I. -Iinclude -Iinclude/id3 .sconf_temp/conftest_2.c
cc1: warning: command line option '-Woverloaded-virtual' is valid for C++/ObjC++ but not for C [enabled by default]
gcc -o .sconf_temp/conftest_2 .sconf_temp/conftest_2.o
scons: Configure: yes

scons: Configure: Checking for C header file dlfcn.h... 
.sconf_temp/conftest_3.c <-
  |
  |#include "dlfcn.h"
  |
  |
gcc -o .sconf_temp/conftest_3.o -c -g -O2 -Wall -Woverloaded-virtual -Wmissing-declarations -Wno-write-strings -Wno-unused -Wno-inline -DHAVE_CONFIG_H -DHAVE_UNISTD_H -I/opt/ES/Eiffel_16.05/C_library/zlib -I. -Iinclude -Iinclude/id3 .sconf_temp/conftest_3.c
cc1: warning: command line option '-Woverloaded-virtual' is valid for C++/ObjC++ but not for C [enabled by default]
scons: Configure: yes

scons: Configure: Checking for C header file inttypes.h... 
.sconf_temp/conftest_4.c <-
  |
  |#include "inttypes.h"
  |
  |
gcc -o .sconf_temp/conftest_4.o -c -g -O2 -Wall -Woverloaded-virtual -Wmissing-declarations -Wno-write-strings -Wno-unused -Wno-inline -DHAVE_CONFIG_H -DHAVE_UNISTD_H -I/opt/ES/Eiffel_16.05/C_library/zlib -I. -Iinclude -Iinclude/id3 .sconf_temp/conftest_4.c
cc1: warning: command line option '-Woverloaded-virtual' is valid for C++/ObjC++ but not for C [enabled by default]
scons: Configure: yes

scons: Configure: Checking for C header file libcw/sys.h... 
.sconf_temp/conftest_5.c <-
  |
  |#include "libcw/sys.h"
  |
  |
gcc -o .sconf_temp/conftest_5.o -c -g -O2 -Wall -Woverloaded-virtual -Wmissing-declarations -Wno-write-strings -Wno-unused -Wno-inline -DHAVE_CONFIG_H -DHAVE_UNISTD_H -I/opt/ES/Eiffel_16.05/C_library/zlib -I. -Iinclude -Iinclude/id3 .sconf_temp/conftest_5.c
cc1: warning: command line option '-Woverloaded-virtual' is valid for C++/ObjC++ but not for C [enabled by default]
.sconf_temp/conftest_5.c:2:23: fatal error: libcw/sys.h: No such file or directory
 #include "libcw/sys.h"
                       ^
compilation terminated.
scons: Configure: no

scons: Configure: Checking for C header file memory.h... 
.sconf_temp/conftest_6.c <-
  |
  |#include "memory.h"
  |
  |
gcc -o .sconf_temp/conftest_6.o -c -g -O2 -Wall -Woverloaded-virtual -Wmissing-declarations -Wno-write-strings -Wno-unused -Wno-inline -DHAVE_CONFIG_H -DHAVE_UNISTD_H -I/opt/ES/Eiffel_16.05/C_library/zlib -I. -Iinclude -Iinclude/id3 .sconf_temp/conftest_6.c
cc1: warning: command line option '-Woverloaded-virtual' is valid for C++/ObjC++ but not for C [enabled by default]
scons: Configure: yes

scons: Configure: Checking for C header file stdint.h... 
.sconf_temp/conftest_7.c <-
  |
  |#include "stdint.h"
  |
  |
gcc -o .sconf_temp/conftest_7.o -c -g -O2 -Wall -Woverloaded-virtual -Wmissing-declarations -Wno-write-strings -Wno-unused -Wno-inline -DHAVE_CONFIG_H -DHAVE_UNISTD_H -I/opt/ES/Eiffel_16.05/C_library/zlib -I. -Iinclude -Iinclude/id3 .sconf_temp/conftest_7.c
cc1: warning: command line option '-Woverloaded-virtual' is valid for C++/ObjC++ but not for C [enabled by default]
scons: Configure: yes

scons: Configure: Checking for C header file stdlib.h... 
.sconf_temp/conftest_8.c <-
  |
  |#include "stdlib.h"
  |
  |
gcc -o .sconf_temp/conftest_8.o -c -g -O2 -Wall -Woverloaded-virtual -Wmissing-declarations -Wno-write-strings -Wno-unused -Wno-inline -DHAVE_CONFIG_H -DHAVE_UNISTD_H -I/opt/ES/Eiffel_16.05/C_library/zlib -I. -Iinclude -Iinclude/id3 .sconf_temp/conftest_8.c
cc1: warning: command line option '-Woverloaded-virtual' is valid for C++/ObjC++ but not for C [enabled by default]
scons: Configure: yes

scons: Configure: Checking for C header file sys/param.h... 
.sconf_temp/conftest_9.c <-
  |
  |#include "sys/param.h"
  |
  |
gcc -o .sconf_temp/conftest_9.o -c -g -O2 -Wall -Woverloaded-virtual -Wmissing-declarations -Wno-write-strings -Wno-unused -Wno-inline -DHAVE_CONFIG_H -DHAVE_UNISTD_H -I/opt/ES/Eiffel_16.05/C_library/zlib -I. -Iinclude -Iinclude/id3 .sconf_temp/conftest_9.c
cc1: warning: command line option '-Woverloaded-virtual' is valid for C++/ObjC++ but not for C [enabled by default]
scons: Configure: yes

scons: Configure: Checking for C header file sys/stat.h... 
.sconf_temp/conftest_10.c <-
  |
  |#include "sys/stat.h"
  |
  |
gcc -o .sconf_temp/conftest_10.o -c -g -O2 -Wall -Woverloaded-virtual -Wmissing-declarations -Wno-write-strings -Wno-unused -Wno-inline -DHAVE_CONFIG_H -DHAVE_UNISTD_H -I/opt/ES/Eiffel_16.05/C_library/zlib -I. -Iinclude -Iinclude/id3 .sconf_temp/conftest_10.c
cc1: warning: command line option '-Woverloaded-virtual' is valid for C++/ObjC++ but not for C [enabled by default]
scons: Configure: yes

scons: Configure: Checking for C header file sys/types.h... 
.sconf_temp/conftest_11.c <-
  |
  |#include "sys/types.h"
  |
  |
gcc -o .sconf_temp/conftest_11.o -c -g -O2 -Wall -Woverloaded-virtual -Wmissing-declarations -Wno-write-strings -Wno-unused -Wno-inline -DHAVE_CONFIG_H -DHAVE_UNISTD_H -I/opt/ES/Eiffel_16.05/C_library/zlib -I. -Iinclude -Iinclude/id3 .sconf_temp/conftest_11.c
cc1: warning: command line option '-Woverloaded-virtual' is valid for C++/ObjC++ but not for C [enabled by default]
scons: Configure: yes

scons: Configure: Checking for C header file unistd.h... 
.sconf_temp/conftest_12.c <-
  |
  |#include "unistd.h"
  |
  |
gcc -o .sconf_temp/conftest_12.o -c -g -O2 -Wall -Woverloaded-virtual -Wmissing-declarations -Wno-write-strings -Wno-unused -Wno-inline -DHAVE_CONFIG_H -DHAVE_UNISTD_H -I/opt/ES/Eiffel_16.05/C_library/zlib -I. -Iinclude -Iinclude/id3 .sconf_temp/conftest_12.c
cc1: warning: command line option '-Woverloaded-virtual' is valid for C++/ObjC++ but not for C [enabled by default]
scons: Configure: yes

scons: Configure: Checking for C header file wchar.h... 
.sconf_temp/conftest_13.c <-
  |
  |#include "wchar.h"
  |
  |
gcc -o .sconf_temp/conftest_13.o -c -g -O2 -Wall -Woverloaded-virtual -Wmissing-declarations -Wno-write-strings -Wno-unused -Wno-inline -DHAVE_CONFIG_H -DHAVE_UNISTD_H -I/opt/ES/Eiffel_16.05/C_library/zlib -I. -Iinclude -Iinclude/id3 .sconf_temp/conftest_13.c
cc1: warning: command line option '-Woverloaded-virtual' is valid for C++/ObjC++ but not for C [enabled by default]
scons: Configure: yes

scons: Configure: Checking for C header file zlib.h... 
.sconf_temp/conftest_14.c <-
  |
  |#include "zlib.h"
  |
  |
gcc -o .sconf_temp/conftest_14.o -c -g -O2 -Wall -Woverloaded-virtual -Wmissing-declarations -Wno-write-strings -Wno-unused -Wno-inline -DHAVE_CONFIG_H -DHAVE_UNISTD_H -I/opt/ES/Eiffel_16.05/C_library/zlib -I. -Iinclude -Iinclude/id3 .sconf_temp/conftest_14.c
cc1: warning: command line option '-Woverloaded-virtual' is valid for C++/ObjC++ but not for C [enabled by default]
scons: Configure: yes

scons: Configure: Checking for C++ header file bitset... 
.sconf_temp/conftest_15.cpp <-
  |
  |#include "bitset"
  |
  |
g++ -o .sconf_temp/conftest_15.o -c -g -O2 -Wall -Woverloaded-virtual -Wmissing-declarations -Wno-write-strings -Wno-unused -Wno-inline -DHAVE_CONFIG_H -DHAVE_UNISTD_H -I/opt/ES/Eiffel_16.05/C_library/zlib -I. -Iinclude -Iinclude/id3 .sconf_temp/conftest_15.cpp
scons: Configure: yes

scons: Configure: Checking for C++ header file cctype... 
.sconf_temp/conftest_16.cpp <-
  |
  |#include "cctype"
  |
  |
g++ -o .sconf_temp/conftest_16.o -c -g -O2 -Wall -Woverloaded-virtual -Wmissing-declarations -Wno-write-strings -Wno-unused -Wno-inline -DHAVE_CONFIG_H -DHAVE_UNISTD_H -I/opt/ES/Eiffel_16.05/C_library/zlib -I. -Iinclude -Iinclude/id3 .sconf_temp/conftest_16.cpp
scons: Configure: yes

scons: Configure: Checking for C++ header file climits... 
.sconf_temp/conftest_17.cpp <-
  |
  |#include "climits"
  |
  |
g++ -o .sconf_temp/conftest_17.o -c -g -O2 -Wall -Woverloaded-virtual -Wmissing-declarations -Wno-write-strings -Wno-unused -Wno-inline -DHAVE_CONFIG_H -DHAVE_UNISTD_H -I/opt/ES/Eiffel_16.05/C_library/zlib -I. -Iinclude -Iinclude/id3 .sconf_temp/conftest_17.cpp
scons: Configure: yes

scons: Configure: Checking for C++ header file cstdio... 
.sconf_temp/conftest_18.cpp <-
  |
  |#include "cstdio"
  |
  |
g++ -o .sconf_temp/conftest_18.o -c -g -O2 -Wall -Woverloaded-virtual -Wmissing-declarations -Wno-write-strings -Wno-unused -Wno-inline -DHAVE_CONFIG_H -DHAVE_UNISTD_H -I/opt/ES/Eiffel_16.05/C_library/zlib -I. -Iinclude -Iinclude/id3 .sconf_temp/conftest_18.cpp
scons: Configure: yes

scons: Configure: Checking for C++ header file cstdlib... 
.sconf_temp/conftest_19.cpp <-
  |
  |#include "cstdlib"
  |
  |
g++ -o .sconf_temp/conftest_19.o -c -g -O2 -Wall -Woverloaded-virtual -Wmissing-declarations -Wno-write-strings -Wno-unused -Wno-inline -DHAVE_CONFIG_H -DHAVE_UNISTD_H -I/opt/ES/Eiffel_16.05/C_library/zlib -I. -Iinclude -Iinclude/id3 .sconf_temp/conftest_19.cpp
scons: Configure: yes

scons: Configure: Checking for C++ header file cstring... 
.sconf_temp/conftest_20.cpp <-
  |
  |#include "cstring"
  |
  |
g++ -o .sconf_temp/conftest_20.o -c -g -O2 -Wall -Woverloaded-virtual -Wmissing-declarations -Wno-write-strings -Wno-unused -Wno-inline -DHAVE_CONFIG_H -DHAVE_UNISTD_H -I/opt/ES/Eiffel_16.05/C_library/zlib -I. -Iinclude -Iinclude/id3 .sconf_temp/conftest_20.cpp
scons: Configure: yes

scons: Configure: Checking for C++ header file fstream... 
.sconf_temp/conftest_21.cpp <-
  |
  |#include "fstream"
  |
  |
g++ -o .sconf_temp/conftest_21.o -c -g -O2 -Wall -Woverloaded-virtual -Wmissing-declarations -Wno-write-strings -Wno-unused -Wno-inline -DHAVE_CONFIG_H -DHAVE_UNISTD_H -I/opt/ES/Eiffel_16.05/C_library/zlib -I. -Iinclude -Iinclude/id3 .sconf_temp/conftest_21.cpp
scons: Configure: yes

scons: Configure: Checking for C++ header file fstream.h... 
.sconf_temp/conftest_22.cpp <-
  |
  |#include "fstream.h"
  |
  |
g++ -o .sconf_temp/conftest_22.o -c -g -O2 -Wall -Woverloaded-virtual -Wmissing-declarations -Wno-write-strings -Wno-unused -Wno-inline -DHAVE_CONFIG_H -DHAVE_UNISTD_H -I/opt/ES/Eiffel_16.05/C_library/zlib -I. -Iinclude -Iinclude/id3 .sconf_temp/conftest_22.cpp
.sconf_temp/conftest_22.cpp:2:21: fatal error: fstream.h: No such file or directory
 #include "fstream.h"
                     ^
compilation terminated.
scons: Configure: no

scons: Configure: Checking for C++ header file iomanip... 
.sconf_temp/conftest_23.cpp <-
  |
  |#include "iomanip"
  |
  |
g++ -o .sconf_temp/conftest_23.o -c -g -O2 -Wall -Woverloaded-virtual -Wmissing-declarations -Wno-write-strings -Wno-unused -Wno-inline -DHAVE_CONFIG_H -DHAVE_UNISTD_H -I/opt/ES/Eiffel_16.05/C_library/zlib -I. -Iinclude -Iinclude/id3 .sconf_temp/conftest_23.cpp
scons: Configure: yes

scons: Configure: Checking for C++ header file iomanip.h... 
.sconf_temp/conftest_24.cpp <-
  |
  |#include "iomanip.h"
  |
  |
g++ -o .sconf_temp/conftest_24.o -c -g -O2 -Wall -Woverloaded-virtual -Wmissing-declarations -Wno-write-strings -Wno-unused -Wno-inline -DHAVE_CONFIG_H -DHAVE_UNISTD_H -I/opt/ES/Eiffel_16.05/C_library/zlib -I. -Iinclude -Iinclude/id3 .sconf_temp/conftest_24.cpp
.sconf_temp/conftest_24.cpp:2:21: fatal error: iomanip.h: No such file or directory
 #include "iomanip.h"
                     ^
compilation terminated.
scons: Configure: no

scons: Configure: Checking for C++ header file iostream... 
.sconf_temp/conftest_25.cpp <-
  |
  |#include "iostream"
  |
  |
g++ -o .sconf_temp/conftest_25.o -c -g -O2 -Wall -Woverloaded-virtual -Wmissing-declarations -Wno-write-strings -Wno-unused -Wno-inline -DHAVE_CONFIG_H -DHAVE_UNISTD_H -I/opt/ES/Eiffel_16.05/C_library/zlib -I. -Iinclude -Iinclude/id3 .sconf_temp/conftest_25.cpp
scons: Configure: yes

scons: Configure: Checking for C++ header file iostream.h... 
.sconf_temp/conftest_26.cpp <-
  |
  |#include "iostream.h"
  |
  |
g++ -o .sconf_temp/conftest_26.o -c -g -O2 -Wall -Woverloaded-virtual -Wmissing-declarations -Wno-write-strings -Wno-unused -Wno-inline -DHAVE_CONFIG_H -DHAVE_UNISTD_H -I/opt/ES/Eiffel_16.05/C_library/zlib -I. -Iinclude -Iinclude/id3 .sconf_temp/conftest_26.cpp
.sconf_temp/conftest_26.cpp:2:22: fatal error: iostream.h: No such file or directory
 #include "iostream.h"
                      ^
compilation terminated.
scons: Configure: no

scons: Configure: Checking for C++ header file string... 
.sconf_temp/conftest_27.cpp <-
  |
  |#include "string"
  |
  |
g++ -o .sconf_temp/conftest_27.o -c -g -O2 -Wall -Woverloaded-virtual -Wmissing-declarations -Wno-write-strings -Wno-unused -Wno-inline -DHAVE_CONFIG_H -DHAVE_UNISTD_H -I/opt/ES/Eiffel_16.05/C_library/zlib -I. -Iinclude -Iinclude/id3 .sconf_temp/conftest_27.cpp
scons: Configure: yes

scons: Configure: Checking for C++ header file strings.h... 
.sconf_temp/conftest_28.cpp <-
  |
  |#include "strings.h"
  |
  |
g++ -o .sconf_temp/conftest_28.o -c -g -O2 -Wall -Woverloaded-virtual -Wmissing-declarations -Wno-write-strings -Wno-unused -Wno-inline -DHAVE_CONFIG_H -DHAVE_UNISTD_H -I/opt/ES/Eiffel_16.05/C_library/zlib -I. -Iinclude -Iinclude/id3 .sconf_temp/conftest_28.cpp
scons: Configure: yes

scons: Configure: Checking for C++ header file string.h... 
.sconf_temp/conftest_29.cpp <-
  |
  |#include "string.h"
  |
  |
g++ -o .sconf_temp/conftest_29.o -c -g -O2 -Wall -Woverloaded-virtual -Wmissing-declarations -Wno-write-strings -Wno-unused -Wno-inline -DHAVE_CONFIG_H -DHAVE_UNISTD_H -I/opt/ES/Eiffel_16.05/C_library/zlib -I. -Iinclude -Iinclude/id3 .sconf_temp/conftest_29.cpp
scons: Configure: yes

scons: Configure: Checking for C header file stdlib.h... 
.sconf_temp/conftest_30.c <-
  |
  |#include "stdlib.h"
  |
  |
gcc -o .sconf_temp/conftest_30.o -c -g -O2 -Wall -Woverloaded-virtual -Wmissing-declarations -Wno-write-strings -Wno-unused -Wno-inline -DHAVE_CONFIG_H -DHAVE_UNISTD_H -I/opt/ES/Eiffel_16.05/C_library/zlib -I. -Iinclude -Iinclude/id3 .sconf_temp/conftest_30.c
cc1: warning: command line option '-Woverloaded-virtual' is valid for C++/ObjC++ but not for C [enabled by default]
scons: Configure: yes

scons: Configure: Checking for C header file stdarg.h... 
.sconf_temp/conftest_31.c <-
  |
  |#include "stdarg.h"
  |
  |
gcc -o .sconf_temp/conftest_31.o -c -g -O2 -Wall -Woverloaded-virtual -Wmissing-declarations -Wno-write-strings -Wno-unused -Wno-inline -DHAVE_CONFIG_H -DHAVE_UNISTD_H -I/opt/ES/Eiffel_16.05/C_library/zlib -I. -Iinclude -Iinclude/id3 .sconf_temp/conftest_31.c
cc1: warning: command line option '-Woverloaded-virtual' is valid for C++/ObjC++ but not for C [enabled by default]
scons: Configure: yes

scons: Configure: Checking for C header file string.h... 
.sconf_temp/conftest_32.c <-
  |
  |#include "string.h"
  |
  |
gcc -o .sconf_temp/conftest_32.o -c -g -O2 -Wall -Woverloaded-virtual -Wmissing-declarations -Wno-write-strings -Wno-unused -Wno-inline -DHAVE_CONFIG_H -DHAVE_UNISTD_H -I/opt/ES/Eiffel_16.05/C_library/zlib -I. -Iinclude -Iinclude/id3 .sconf_temp/conftest_32.c
cc1: warning: command line option '-Woverloaded-virtual' is valid for C++/ObjC++ but not for C [enabled by default]
scons: Configure: yes

scons: Configure: Checking for C header file float.h... 
.sconf_temp/conftest_33.c <-
  |
  |#include "float.h"
  |
  |
gcc -o .sconf_temp/conftest_33.o -c -g -O2 -Wall -Woverloaded-virtual -Wmissing-declarations -Wno-write-strings -Wno-unused -Wno-inline -DHAVE_CONFIG_H -DHAVE_UNISTD_H -I/opt/ES/Eiffel_16.05/C_library/zlib -I. -Iinclude -Iinclude/id3 .sconf_temp/conftest_33.c
cc1: warning: command line option '-Woverloaded-virtual' is valid for C++/ObjC++ but not for C [enabled by default]
scons: Configure: yes


